<?xml version="1.0" encoding="UTF-8"?>
<testsuite name="gradle.StringUtilTest2" tests="2" skipped="0" failures="0" errors="0" timestamp="2015-06-04T02:21:01" hostname="MacBook-Pro-de-Jadson.local" time="0.007">
  <properties/>
  <testcase name="testIsEmpty" classname="gradle.StringUtilTest2" time="0.001"/>
  <testcase name="testIsEmpty" classname="gradle.StringUtilTest2" time="0.0"/>
  <system-out><![CDATA[]]></system-out>
  <system-err><![CDATA[]]></system-err>
</testsuite>
